android/build/intermediates/manifest_merge_blame_file/debug/manifest-merger-blame-debug-report.txt
1<?xml version="1.0" encoding="utf-8"?>
2<manifest xmlns:android="http://schemas.android.com/apk/res/android"
3    package="com.github.ihalsh.darkmatter"
4    android:versionCode="1"
5    android:versionName="1.0.0" >
6
7    <uses-sdk
8        android:minSdkVersion="19"
8-->src\main\AndroidManifest.xml
9        android:targetSdkVersion="29" />
9-->src\main\AndroidManifest.xml
10
11    <application
11-->src\main\AndroidManifest.xml:4:5-21:19
12        android:allowBackup="true"
12-->src\main\AndroidManifest.xml:5:13-39
13        android:appCategory="game"
13-->src\main\AndroidManifest.xml:7:13-39
14        android:debuggable="true"
15        android:isGame="true"
15-->src\main\AndroidManifest.xml:6:13-34
16        android:label="@string/app_name"
16-->src\main\AndroidManifest.xml:8:13-45
17        android:testOnly="true"
18        android:theme="@style/GdxTheme" >
18-->src\main\AndroidManifest.xml:9:13-44
19
20        <!-- android:icon="@drawable/ic_launcher" -->
21        <activity
21-->src\main\AndroidManifest.xml:11:9-20:20
22            android:name="com.github.ihalsh.darkmatter.AndroidLauncher"
22-->src\main\AndroidManifest.xml:12:17-76
23            android:configChanges="keyboard|keyboardHidden|navigation|orientation|screenSize|screenLayout"
23-->src\main\AndroidManifest.xml:15:17-111
24            android:label="@string/app_name"
24-->src\main\AndroidManifest.xml:13:17-49
25            android:screenOrientation="fullSensor" >
25-->src\main\AndroidManifest.xml:14:17-55
26            <intent-filter>
26-->src\main\AndroidManifest.xml:16:13-19:29
27                <action android:name="android.intent.action.MAIN" />
27-->src\main\AndroidManifest.xml:17:17-68
27-->src\main\AndroidManifest.xml:17:25-66
28
29                <category android:name="android.intent.category.LAUNCHER" />
29-->src\main\AndroidManifest.xml:18:17-76
29-->src\main\AndroidManifest.xml:18:27-74
30            </intent-filter>
31        </activity>
32    </application>
33
34</manifest>